This file contains any messages produced by compilers while
running configure, to aid debugging if configure makes a mistake.

It was created by pktanon configure 1.4.0-dev, which was
generated by GNU Autoconf 2.65.  Invocation command line was

  $ ./configure 

## --------- ##
## Platform. ##
## --------- ##

hostname = raspberrypi
uname -m = armv6l
uname -r = 3.6.11+
uname -s = Linux
uname -v = #538 PREEMPT Fri Aug 30 20:42:08 BST 2013

/usr/bin/uname -p = unknown
/bin/uname -X     = unknown

/bin/arch              = unknown
/usr/bin/arch -k       = unknown
/usr/convex/getsysinfo = unknown
/usr/bin/hostinfo      = unknown
/bin/machine           = unknown
/usr/bin/oslevel       = unknown
/bin/universe          = unknown

PATH: /usr/local/sbin
PATH: /usr/local/bin
PATH: /usr/sbin
PATH: /usr/bin
PATH: /sbin
PATH: /bin
PATH: /usr/local/games
PATH: /usr/games


## ----------- ##
## Core tests. ##
## ----------- ##

configure:2128: checking for a BSD-compatible install
configure:2196: result: /usr/bin/install -c
configure:2207: checking whether build environment is sane
configure:2257: result: yes
configure:2398: checking for a thread-safe mkdir -p
configure:2437: result: /bin/mkdir -p
configure:2450: checking for gawk
configure:2480: result: no
configure:2450: checking for mawk
configure:2466: found /usr/bin/mawk
configure:2477: result: mawk
configure:2488: checking whether make sets $(MAKE)
configure:2510: result: yes
configure:2649: checking for g++
configure:2665: found /usr/bin/g++
configure:2676: result: g++
configure:2703: checking for C++ compiler version
configure:2712: g++ --version >&5
g++ (Debian 4.6.3-14+rpi1) 4.6.3
Copyright (C) 2011 Free Software Foundation, Inc.
This is free software; see the source for copying conditions.  There is NO
warranty; not even for MERCHANTABILITY or FITNESS FOR A PARTICULAR PURPOSE.

configure:2723: $? = 0
configure:2712: g++ -v >&5
Using built-in specs.
COLLECT_GCC=g++
COLLECT_LTO_WRAPPER=/usr/lib/gcc/arm-linux-gnueabihf/4.6/lto-wrapper
Target: arm-linux-gnueabihf
Configured with: ../src/configure -v --with-pkgversion='Debian 4.6.3-14+rpi1' --with-bugurl=file:///usr/share/doc/gcc-4.6/README.Bugs --enable-languages=c,c++,fortran,objc,obj-c++ --prefix=/usr --program-suffix=-4.6 --enable-shared --enable-linker-build-id --with-system-zlib --libexecdir=/usr/lib --without-included-gettext --enable-threads=posix --with-gxx-include-dir=/usr/include/c++/4.6 --libdir=/usr/lib --enable-nls --with-sysroot=/ --enable-clocale=gnu --enable-libstdcxx-debug --enable-libstdcxx-time=yes --enable-gnu-unique-object --enable-plugin --enable-objc-gc --disable-sjlj-exceptions --with-arch=armv6 --with-fpu=vfp --with-float=hard --enable-checking=release --build=arm-linux-gnueabihf --host=arm-linux-gnueabihf --target=arm-linux-gnueabihf
Thread model: posix
gcc version 4.6.3 (Debian 4.6.3-14+rpi1) 
configure:2723: $? = 0
configure:2712: g++ -V >&5
g++: error: unrecognized option '-V'
g++: fatal error: no input files
compilation terminated.
configure:2723: $? = 4
configure:2712: g++ -qversion >&5
g++: error: unrecognized option '-qversion'
g++: fatal error: no input files
compilation terminated.
configure:2723: $? = 4
configure:2743: checking whether the C++ compiler works
configure:2765: g++    conftest.cpp  >&5
configure:2769: $? = 0
configure:2818: result: yes
configure:2821: checking for C++ compiler default output file name
configure:2823: result: a.out
configure:2829: checking for suffix of executables
configure:2836: g++ -o conftest    conftest.cpp  >&5
configure:2840: $? = 0
configure:2862: result: 
configure:2884: checking whether we are cross compiling
configure:2892: g++ -o conftest    conftest.cpp  >&5
configure:2896: $? = 0
configure:2903: ./conftest
configure:2907: $? = 0
configure:2922: result: no
configure:2927: checking for suffix of object files
configure:2949: g++ -c   conftest.cpp >&5
configure:2953: $? = 0
configure:2974: result: o
configure:2978: checking whether we are using the GNU C++ compiler
configure:2997: g++ -c   conftest.cpp >&5
configure:2997: $? = 0
configure:3006: result: yes
configure:3015: checking whether g++ accepts -g
configure:3035: g++ -c -g  conftest.cpp >&5
configure:3035: $? = 0
configure:3076: result: yes
configure:3110: checking for style of include used by make
configure:3138: result: GNU
configure:3163: checking dependency style of g++
configure:3273: result: gcc3
configure:3338: checking for gcc
configure:3354: found /usr/bin/gcc
configure:3365: result: gcc
configure:3594: checking for C compiler version
configure:3603: gcc --version >&5
gcc (Debian 4.6.3-14+rpi1) 4.6.3
Copyright (C) 2011 Free Software Foundation, Inc.
This is free software; see the source for copying conditions.  There is NO
warranty; not even for MERCHANTABILITY or FITNESS FOR A PARTICULAR PURPOSE.

configure:3614: $? = 0
configure:3603: gcc -v >&5
Using built-in specs.
COLLECT_GCC=gcc
COLLECT_LTO_WRAPPER=/usr/lib/gcc/arm-linux-gnueabihf/4.6/lto-wrapper
Target: arm-linux-gnueabihf
Configured with: ../src/configure -v --with-pkgversion='Debian 4.6.3-14+rpi1' --with-bugurl=file:///usr/share/doc/gcc-4.6/README.Bugs --enable-languages=c,c++,fortran,objc,obj-c++ --prefix=/usr --program-suffix=-4.6 --enable-shared --enable-linker-build-id --with-system-zlib --libexecdir=/usr/lib --without-included-gettext --enable-threads=posix --with-gxx-include-dir=/usr/include/c++/4.6 --libdir=/usr/lib --enable-nls --with-sysroot=/ --enable-clocale=gnu --enable-libstdcxx-debug --enable-libstdcxx-time=yes --enable-gnu-unique-object --enable-plugin --enable-objc-gc --disable-sjlj-exceptions --with-arch=armv6 --with-fpu=vfp --with-float=hard --enable-checking=release --build=arm-linux-gnueabihf --host=arm-linux-gnueabihf --target=arm-linux-gnueabihf
Thread model: posix
gcc version 4.6.3 (Debian 4.6.3-14+rpi1) 
configure:3614: $? = 0
configure:3603: gcc -V >&5
gcc: error: unrecognized option '-V'
gcc: fatal error: no input files
compilation terminated.
configure:3614: $? = 4
configure:3603: gcc -qversion >&5
gcc: error: unrecognized option '-qversion'
gcc: fatal error: no input files
compilation terminated.
configure:3614: $? = 4
configure:3618: checking whether we are using the GNU C compiler
configure:3637: gcc -c   conftest.c >&5
configure:3637: $? = 0
configure:3646: result: yes
configure:3655: checking whether gcc accepts -g
configure:3675: gcc -c -g  conftest.c >&5
configure:3675: $? = 0
configure:3716: result: yes
configure:3733: checking for gcc option to accept ISO C89
configure:3797: gcc  -c -g -O2  conftest.c >&5
configure:3797: $? = 0
configure:3810: result: none needed
configure:3832: checking dependency style of gcc
configure:3942: result: gcc3
configure:3958: checking for main in -lxerces-c
configure:3977: gcc -o conftest -g -O2   conftest.c -lxerces-c   >&5
configure:3977: $? = 0
configure:3986: result: yes
configure:4000: checking for main in -lpthread
configure:4019: gcc -o conftest -g -O2   conftest.c -lpthread  -lxerces-c  >&5
configure:4019: $? = 0
configure:4028: result: yes
configure:4055: checking how to run the C++ preprocessor
configure:4082: g++ -E  conftest.cpp
configure:4082: $? = 0
configure:4096: g++ -E  conftest.cpp
conftest.cpp:13:28: fatal error: ac_nonexistent.h: No such file or directory
compilation terminated.
configure:4096: $? = 1
configure: failed program was:
| /* confdefs.h */
| #define PACKAGE_NAME "pktanon"
| #define PACKAGE_TARNAME "pktanon"
| #define PACKAGE_VERSION "1.4.0-dev"
| #define PACKAGE_STRING "pktanon 1.4.0-dev"
| #define PACKAGE_BUGREPORT "www.tm.kit.edu/pktanon"
| #define PACKAGE_URL ""
| #define PACKAGE "pktanon"
| #define VERSION "1.4.0-dev"
| #define HAVE_LIBXERCES_C 1
| #define HAVE_LIBPTHREAD 1
| /* end confdefs.h.  */
| #include <ac_nonexistent.h>
configure:4121: result: g++ -E
configure:4141: g++ -E  conftest.cpp
configure:4141: $? = 0
configure:4155: g++ -E  conftest.cpp
conftest.cpp:13:28: fatal error: ac_nonexistent.h: No such file or directory
compilation terminated.
configure:4155: $? = 1
configure: failed program was:
| /* confdefs.h */
| #define PACKAGE_NAME "pktanon"
| #define PACKAGE_TARNAME "pktanon"
| #define PACKAGE_VERSION "1.4.0-dev"
| #define PACKAGE_STRING "pktanon 1.4.0-dev"
| #define PACKAGE_BUGREPORT "www.tm.kit.edu/pktanon"
| #define PACKAGE_URL ""
| #define PACKAGE "pktanon"
| #define VERSION "1.4.0-dev"
| #define HAVE_LIBXERCES_C 1
| #define HAVE_LIBPTHREAD 1
| /* end confdefs.h.  */
| #include <ac_nonexistent.h>
configure:4184: checking for grep that handles long lines and -e
configure:4242: result: /bin/grep
configure:4247: checking for egrep
configure:4309: result: /bin/grep -E
configure:4314: checking for ANSI C header files
configure:4334: g++ -c -g -O2  conftest.cpp >&5
configure:4334: $? = 0
configure:4407: g++ -o conftest -g -O2   conftest.cpp -lpthread -lxerces-c  >&5
configure:4407: $? = 0
configure:4407: ./conftest
configure:4407: $? = 0
configure:4418: result: yes
configure:4431: checking for sys/types.h
configure:4431: g++ -c -g -O2  conftest.cpp >&5
configure:4431: $? = 0
configure:4431: result: yes
configure:4431: checking for sys/stat.h
configure:4431: g++ -c -g -O2  conftest.cpp >&5
configure:4431: $? = 0
configure:4431: result: yes
configure:4431: checking for stdlib.h
configure:4431: g++ -c -g -O2  conftest.cpp >&5
configure:4431: $? = 0
configure:4431: result: yes
configure:4431: checking for string.h
configure:4431: g++ -c -g -O2  conftest.cpp >&5
configure:4431: $? = 0
configure:4431: result: yes
configure:4431: checking for memory.h
configure:4431: g++ -c -g -O2  conftest.cpp >&5
configure:4431: $? = 0
configure:4431: result: yes
configure:4431: checking for strings.h
configure:4431: g++ -c -g -O2  conftest.cpp >&5
configure:4431: $? = 0
configure:4431: result: yes
configure:4431: checking for inttypes.h
configure:4431: g++ -c -g -O2  conftest.cpp >&5
configure:4431: $? = 0
configure:4431: result: yes
configure:4431: checking for stdint.h
configure:4431: g++ -c -g -O2  conftest.cpp >&5
configure:4431: $? = 0
configure:4431: result: yes
configure:4431: checking for unistd.h
configure:4431: g++ -c -g -O2  conftest.cpp >&5
configure:4431: $? = 0
configure:4431: result: yes
configure:4444: checking boost/pool/object_pool.hpp usability
configure:4444: g++ -c -g -O2  conftest.cpp >&5
configure:4444: $? = 0
configure:4444: result: yes
configure:4444: checking boost/pool/object_pool.hpp presence
configure:4444: g++ -E  conftest.cpp
configure:4444: $? = 0
configure:4444: result: yes
configure:4444: checking for boost/pool/object_pool.hpp
configure:4444: result: yes
configure:4619: creating ./config.status

## ---------------------- ##
## Running config.status. ##
## ---------------------- ##

This file was extended by pktanon config.status 1.4.0-dev, which was
generated by GNU Autoconf 2.65.  Invocation command line was

  CONFIG_FILES    = 
  CONFIG_HEADERS  = 
  CONFIG_LINKS    = 
  CONFIG_COMMANDS = 
  $ ./config.status 

on raspberrypi

config.status:781: creating Makefile
config.status:944: executing depfiles commands

## ---------------- ##
## Cache variables. ##
## ---------------- ##

ac_cv_c_compiler_gnu=yes
ac_cv_cxx_compiler_gnu=yes
ac_cv_env_CCC_set=
ac_cv_env_CCC_value=
ac_cv_env_CC_set=
ac_cv_env_CC_value=
ac_cv_env_CFLAGS_set=
ac_cv_env_CFLAGS_value=
ac_cv_env_CPPFLAGS_set=
ac_cv_env_CPPFLAGS_value=
ac_cv_env_CXXCPP_set=
ac_cv_env_CXXCPP_value=
ac_cv_env_CXXFLAGS_set=
ac_cv_env_CXXFLAGS_value=
ac_cv_env_CXX_set=
ac_cv_env_CXX_value=
ac_cv_env_LDFLAGS_set=
ac_cv_env_LDFLAGS_value=
ac_cv_env_LIBS_set=
ac_cv_env_LIBS_value=
ac_cv_env_build_alias_set=
ac_cv_env_build_alias_value=
ac_cv_env_host_alias_set=
ac_cv_env_host_alias_value=
ac_cv_env_target_alias_set=
ac_cv_env_target_alias_value=
ac_cv_header_boost_pool_object_pool_hpp=yes
ac_cv_header_inttypes_h=yes
ac_cv_header_memory_h=yes
ac_cv_header_stdc=yes
ac_cv_header_stdint_h=yes
ac_cv_header_stdlib_h=yes
ac_cv_header_string_h=yes
ac_cv_header_strings_h=yes
ac_cv_header_sys_stat_h=yes
ac_cv_header_sys_types_h=yes
ac_cv_header_unistd_h=yes
ac_cv_lib_pthread_main=yes
ac_cv_lib_xerces_c_main=yes
ac_cv_objext=o
ac_cv_path_EGREP='/bin/grep -E'
ac_cv_path_GREP=/bin/grep
ac_cv_path_install='/usr/bin/install -c'
ac_cv_path_mkdir=/bin/mkdir
ac_cv_prog_AWK=mawk
ac_cv_prog_CXXCPP='g++ -E'
ac_cv_prog_ac_ct_CC=gcc
ac_cv_prog_ac_ct_CXX=g++
ac_cv_prog_cc_c89=
ac_cv_prog_cc_g=yes
ac_cv_prog_cxx_g=yes
ac_cv_prog_make_make_set=yes
am_cv_CC_dependencies_compiler_type=gcc3
am_cv_CXX_dependencies_compiler_type=gcc3

## ----------------- ##
## Output variables. ##
## ----------------- ##

ACLOCAL='${SHELL} /home/pi/projects/pktanon/missing --run aclocal-1.11'
AMDEPBACKSLASH='\'
AMDEP_FALSE='#'
AMDEP_TRUE=''
AMTAR='${SHELL} /home/pi/projects/pktanon/missing --run tar'
AUTOCONF='${SHELL} /home/pi/projects/pktanon/missing --run autoconf'
AUTOHEADER='${SHELL} /home/pi/projects/pktanon/missing --run autoheader'
AUTOMAKE='${SHELL} /home/pi/projects/pktanon/missing --run automake-1.11'
AWK='mawk'
CC='gcc'
CCDEPMODE='depmode=gcc3'
CFLAGS='-g -O2'
CPPFLAGS=''
CXX='g++'
CXXCPP='g++ -E'
CXXDEPMODE='depmode=gcc3'
CXXFLAGS='-g -O2'
CYGPATH_W='echo'
DEFS='-DPACKAGE_NAME=\"pktanon\" -DPACKAGE_TARNAME=\"pktanon\" -DPACKAGE_VERSION=\"1.4.0-dev\" -DPACKAGE_STRING=\"pktanon\ 1.4.0-dev\" -DPACKAGE_BUGREPORT=\"www.tm.kit.edu/pktanon\" -DPACKAGE_URL=\"\" -DPACKAGE=\"pktanon\" -DVERSION=\"1.4.0-dev\" -DHAVE_LIBXERCES_C=1 -DHAVE_LIBPTHREAD=1 -DSTDC_HEADERS=1 -DHAVE_SYS_TYPES_H=1 -DHAVE_SYS_STAT_H=1 -DHAVE_STDLIB_H=1 -DHAVE_STRING_H=1 -DHAVE_MEMORY_H=1 -DHAVE_STRINGS_H=1 -DHAVE_INTTYPES_H=1 -DHAVE_STDINT_H=1 -DHAVE_UNISTD_H=1'
DEPDIR='.deps'
ECHO_C=''
ECHO_N='-n'
ECHO_T=''
EGREP='/bin/grep -E'
EXEEXT=''
GREP='/bin/grep'
INSTALL_DATA='${INSTALL} -m 644'
INSTALL_PROGRAM='${INSTALL}'
INSTALL_SCRIPT='${INSTALL}'
INSTALL_STRIP_PROGRAM='$(install_sh) -c -s'
LDFLAGS=''
LIBOBJS=''
LIBS='-lpthread -lxerces-c '
LTLIBOBJS=''
MAKEINFO='${SHELL} /home/pi/projects/pktanon/missing --run makeinfo'
MKDIR_P='/bin/mkdir -p'
OBJEXT='o'
PACKAGE='pktanon'
PACKAGE_BUGREPORT='www.tm.kit.edu/pktanon'
PACKAGE_NAME='pktanon'
PACKAGE_STRING='pktanon 1.4.0-dev'
PACKAGE_TARNAME='pktanon'
PACKAGE_URL=''
PACKAGE_VERSION='1.4.0-dev'
PATH_SEPARATOR=':'
SET_MAKE=''
SHELL='/bin/bash'
STRIP=''
VERSION='1.4.0-dev'
ac_ct_CC='gcc'
ac_ct_CXX='g++'
am__EXEEXT_FALSE=''
am__EXEEXT_TRUE='#'
am__fastdepCC_FALSE='#'
am__fastdepCC_TRUE=''
am__fastdepCXX_FALSE='#'
am__fastdepCXX_TRUE=''
am__include='include'
am__isrc=''
am__leading_dot='.'
am__quote=''
am__tar='${AMTAR} chof - "$$tardir"'
am__untar='${AMTAR} xf -'
bindir='${exec_prefix}/bin'
build_alias=''
datadir='${datarootdir}'
datarootdir='${prefix}/share'
docdir='${datarootdir}/doc/${PACKAGE_TARNAME}'
dvidir='${docdir}'
exec_prefix='${prefix}'
host_alias=''
htmldir='${docdir}'
includedir='${prefix}/include'
infodir='${datarootdir}/info'
install_sh='${SHELL} /home/pi/projects/pktanon/install-sh'
libdir='${exec_prefix}/lib'
libexecdir='${exec_prefix}/libexec'
localedir='${datarootdir}/locale'
localstatedir='${prefix}/var'
mandir='${datarootdir}/man'
mkdir_p='/bin/mkdir -p'
oldincludedir='/usr/include'
pdfdir='${docdir}'
prefix='/usr/local'
program_transform_name='s,x,x,'
psdir='${docdir}'
sbindir='${exec_prefix}/sbin'
sharedstatedir='${prefix}/com'
sysconfdir='${prefix}/etc'
target_alias=''

## ----------- ##
## confdefs.h. ##
## ----------- ##

/* confdefs.h */
#define PACKAGE_NAME "pktanon"
#define PACKAGE_TARNAME "pktanon"
#define PACKAGE_VERSION "1.4.0-dev"
#define PACKAGE_STRING "pktanon 1.4.0-dev"
#define PACKAGE_BUGREPORT "www.tm.kit.edu/pktanon"
#define PACKAGE_URL ""
#define PACKAGE "pktanon"
#define VERSION "1.4.0-dev"
#define HAVE_LIBXERCES_C 1
#define HAVE_LIBPTHREAD 1
#define STDC_HEADERS 1
#define HAVE_SYS_TYPES_H 1
#define HAVE_SYS_STAT_H 1
#define HAVE_STDLIB_H 1
#define HAVE_STRING_H 1
#define HAVE_MEMORY_H 1
#define HAVE_STRINGS_H 1
#define HAVE_INTTYPES_H 1
#define HAVE_STDINT_H 1
#define HAVE_UNISTD_H 1

configure: exit 0
